[Sat May 06 14:57:09.442655 2023] [ssl:warn] [pid 13464:tid 508] AH01909: www.example.com:443:0 server certificate does NOT include an ID which matches the server name
[Sat May 06 14:57:09.459610 2023] [ssl:warn] [pid 13464:tid 508] AH01909: www.example.com:443:0 server certificate does NOT include an ID which matches the server name
[Sat May 06 14:57:09.487535 2023] [mpm_winnt:notice] [pid 13464:tid 508] AH00455: Apache/2.4.56 (Win64) OpenSSL/1.1.1t PHP/8.2.4 configured -- resuming normal operations
[Sat May 06 14:57:09.487535 2023] [mpm_winnt:notice] [pid 13464:tid 508] AH00456: Apache Lounge VS16 Server built: Mar  7 2023 13:21:03
[Sat May 06 14:57:09.487535 2023] [core:notice] [pid 13464:tid 508] AH00094: Command line: 'D:\\vu\\xampp\\apache\\bin\\httpd.exe -d D:/Vu/xampp/apache'
[Sat May 06 14:57:09.488532 2023] [mpm_winnt:notice] [pid 13464:tid 508] AH00418: Parent: Created child process 24072
[Sat May 06 14:57:09.652667 2023] [ssl:warn] [pid 24072:tid 544] AH01909: www.example.com:443:0 server certificate does NOT include an ID which matches the server name
[Sat May 06 14:57:09.672614 2023] [ssl:warn] [pid 24072:tid 544] AH01909: www.example.com:443:0 server certificate does NOT include an ID which matches the server name
[Sat May 06 14:57:09.697547 2023] [mpm_winnt:notice] [pid 24072:tid 544] AH00354: Child: Starting 150 worker threads.
[Sat May 06 15:59:33.956725 2023] [mpm_winnt:notice] [pid 13464:tid 508] AH00422: Parent: Received shutdown signal -- Shutting down the server.
[Sat May 06 15:59:35.958433 2023] [mpm_winnt:notice] [pid 24072:tid 544] AH00364: Child: All worker threads have exited.
[Sat May 06 15:59:35.975563 2023] [mpm_winnt:notice] [pid 13464:tid 508] AH00430: Parent: Child process 24072 exited successfully.
[Sun May 07 07:00:14.189586 2023] [ssl:warn] [pid 3668:tid 144] AH01909: www.example.com:443:0 server certificate does NOT include an ID which matches the server name
[Sun May 07 07:00:14.220829 2023] [ssl:warn] [pid 3668:tid 144] AH01909: www.example.com:443:0 server certificate does NOT include an ID which matches the server name
[Sun May 07 07:00:14.314556 2023] [mpm_winnt:notice] [pid 3668:tid 144] AH00455: Apache/2.4.56 (Win64) OpenSSL/1.1.1t PHP/8.2.4 configured -- resuming normal operations
[Sun May 07 07:00:14.314556 2023] [mpm_winnt:notice] [pid 3668:tid 144] AH00456: Apache Lounge VS16 Server built: Mar  7 2023 13:21:03
[Sun May 07 07:00:14.314556 2023] [core:notice] [pid 3668:tid 144] AH00094: Command line: 'D:\\vu\\xampp\\apache\\bin\\httpd.exe -d D:/Vu/xampp/apache'
[Sun May 07 07:00:14.314556 2023] [mpm_winnt:notice] [pid 3668:tid 144] AH00418: Parent: Created child process 4700
[Sun May 07 07:00:14.502012 2023] [ssl:warn] [pid 4700:tid 496] AH01909: www.example.com:443:0 server certificate does NOT include an ID which matches the server name
[Sun May 07 07:00:14.517634 2023] [ssl:warn] [pid 4700:tid 496] AH01909: www.example.com:443:0 server certificate does NOT include an ID which matches the server name
[Sun May 07 07:00:14.533254 2023] [mpm_winnt:notice] [pid 4700:tid 496] AH00354: Child: Starting 150 worker threads.
[Mon May 08 10:27:42.411446 2023] [php:error] [pid 4700:tid 1872] [client ::1:51628] script 'D:/Vu/xampp/htdocs/demoPHPAPP/php/customer.php' not found or unable to stat, referer: http://localhost/demoPHPAPP/?
[Mon May 08 10:28:02.641908 2023] [php:error] [pid 4700:tid 1888] [client ::1:51658] script 'D:/Vu/xampp/htdocs/demoPHPAPP/php/customer.php' not found or unable to stat, referer: http://localhost/demoPHPAPP/?
[Mon May 08 10:28:14.547864 2023] [php:error] [pid 4700:tid 1868] [client ::1:51672] script 'D:/Vu/xampp/htdocs/demoPHPAPP/php/customer.php' not found or unable to stat, referer: http://localhost/demoPHPAPP/?
[Wed May 10 08:55:04.607350 2023] [authz_core:error] [pid 4700:tid 1888] [client ::1:61796] AH01630: client denied by server configuration: D:/Vu/xampp/htdocs/Angular_MVC/application/controllers/Welcome.php
[Thu May 11 14:06:40.834958 2023] [ssl:warn] [pid 3592:tid 472] AH01909: www.example.com:443:0 server certificate does NOT include an ID which matches the server name
[Thu May 11 14:06:40.866201 2023] [core:warn] [pid 3592:tid 472] AH00098: pid file D:/Vu/xampp/apache/logs/httpd.pid overwritten -- Unclean shutdown of previous Apache run?
[Thu May 11 14:06:40.866201 2023] [ssl:warn] [pid 3592:tid 472] AH01909: www.example.com:443:0 server certificate does NOT include an ID which matches the server name
[Thu May 11 14:06:40.975550 2023] [mpm_winnt:notice] [pid 3592:tid 472] AH00455: Apache/2.4.56 (Win64) OpenSSL/1.1.1t PHP/8.2.4 configured -- resuming normal operations
[Thu May 11 14:06:40.975550 2023] [mpm_winnt:notice] [pid 3592:tid 472] AH00456: Apache Lounge VS16 Server built: Mar  7 2023 13:21:03
[Thu May 11 14:06:40.975550 2023] [core:notice] [pid 3592:tid 472] AH00094: Command line: 'D:\\vu\\xampp\\apache\\bin\\httpd.exe -d D:/Vu/xampp/apache'
[Thu May 11 14:06:40.975550 2023] [mpm_winnt:notice] [pid 3592:tid 472] AH00418: Parent: Created child process 4572
[Thu May 11 14:06:41.131764 2023] [ssl:warn] [pid 4572:tid 500] AH01909: www.example.com:443:0 server certificate does NOT include an ID which matches the server name
[Thu May 11 14:06:41.147385 2023] [ssl:warn] [pid 4572:tid 500] AH01909: www.example.com:443:0 server certificate does NOT include an ID which matches the server name
[Thu May 11 14:06:41.163006 2023] [mpm_winnt:notice] [pid 4572:tid 500] AH00354: Child: Starting 150 worker threads.
[Sat May 13 14:35:43.672488 2023] [php:error] [pid 4572:tid 1884] [client ::1:58286] script 'D:/Vu/xampp/htdocs/Angular_MVC/Welcome.php' not found or unable to stat
[Sat May 13 14:36:07.579199 2023] [php:error] [pid 4572:tid 1884] [client ::1:58303] script 'D:/Vu/xampp/htdocs/Angular_MVC/Welcome.php' not found or unable to stat
[Sat May 13 14:36:13.740850 2023] [php:error] [pid 4572:tid 1884] [client ::1:58308] script 'D:/Vu/xampp/htdocs/Angular_MVC/Welcome.php' not found or unable to stat
[Sat May 13 14:43:02.714929 2023] [authz_core:error] [pid 4572:tid 1884] [client ::1:58535] AH01630: client denied by server configuration: D:/Vu/xampp/htdocs/Angular_MVC/application/controllers/Welcome.php
[Sat May 13 14:43:18.680272 2023] [authz_core:error] [pid 4572:tid 1884] [client ::1:58544] AH01630: client denied by server configuration: D:/Vu/xampp/htdocs/Angular_MVC/application/controllers/Welcome.php
[Sat May 13 14:43:24.998610 2023] [php:error] [pid 4572:tid 1884] [client ::1:58544] script 'D:/Vu/xampp/htdocs/Angular_MVC/Welcome.php' not found or unable to stat
[Sat May 13 14:43:44.456224 2023] [authz_core:error] [pid 4572:tid 1884] [client ::1:58570] AH01630: client denied by server configuration: D:/Vu/xampp/htdocs/Angular_MVC/application/controllers/Welcome.php
[Sat May 13 14:44:11.680044 2023] [php:error] [pid 4572:tid 1884] [client ::1:58610] script 'D:/Vu/xampp/htdocs/Angular_MVC/Welcome.php' not found or unable to stat
[Sat May 13 14:44:43.800499 2023] [php:error] [pid 4572:tid 1884] [client ::1:58647] script 'D:/Vu/xampp/htdocs/Angular_MVC/Welcome.php' not found or unable to stat
[Sat May 13 14:44:55.945646 2023] [php:error] [pid 4572:tid 1884] [client ::1:58666] script 'D:/Vu/xampp/htdocs/Angular_MVC/Welcome.php' not found or unable to stat
[Sat May 13 14:45:29.719419 2023] [php:error] [pid 4572:tid 1884] [client ::1:58711] script 'D:/Vu/xampp/htdocs/Angular_MVC/Welcome_messenger.php' not found or unable to stat
[Sat May 13 14:45:36.419235 2023] [php:error] [pid 4572:tid 1884] [client ::1:58720] script 'D:/Vu/xampp/htdocs/Angular_MVC/Welcome_messenge.php' not found or unable to stat
[Mon May 15 07:51:50.648655 2023] [authz_core:error] [pid 4572:tid 1892] [client ::1:60589] AH01630: client denied by server configuration: D:/Vu/xampp/htdocs/Angular_MVC/application/views
[Mon May 15 07:51:58.698130 2023] [authz_core:error] [pid 4572:tid 1892] [client ::1:60596] AH01630: client denied by server configuration: D:/Vu/xampp/htdocs/Angular_MVC/application/views/index
[Mon May 15 08:19:31.473542 2023] [authz_core:error] [pid 4572:tid 1892] [client ::1:61498] AH01630: client denied by server configuration: D:/Vu/xampp/htdocs/Angular_MVC/application/views/vendor/bootstrap.css, referer: http://localhost/Angular_MVC/index.php/Welcome
[Mon May 15 08:20:03.608220 2023] [authz_core:error] [pid 4572:tid 1896] [client ::1:61525] AH01630: client denied by server configuration: D:/Vu/xampp/htdocs/Angular_MVC/application/views/vendor/bootstrap.css, referer: http://localhost/Angular_MVC/index.php/Welcome
[Mon May 15 08:21:17.440670 2023] [authz_core:error] [pid 4572:tid 1884] [client ::1:61569] AH01630: client denied by server configuration: D:/Vu/xampp/htdocs/Angular_MVC/application/vendor/bootstrap.css, referer: http://localhost/Angular_MVC/index.php/Welcome
[Mon May 15 08:21:19.660564 2023] [authz_core:error] [pid 4572:tid 1912] [client ::1:61575] AH01630: client denied by server configuration: D:/Vu/xampp/htdocs/Angular_MVC/application/vendor/bootstrap.css, referer: http://localhost/Angular_MVC/index.php/Welcome
[Mon May 15 08:21:39.662989 2023] [authz_core:error] [pid 4572:tid 1912] [client ::1:61600] AH01630: client denied by server configuration: D:/Vu/xampp/htdocs/Angular_MVC/application/vendor/bootstrap.css, referer: http://localhost/Angular_MVC/index.php/Welcome
[Mon May 15 08:22:19.586505 2023] [authz_core:error] [pid 4572:tid 1884] [client ::1:61653] AH01630: client denied by server configuration: D:/Vu/xampp/htdocs/Angular_MVC/application/vendor/bootstrap.css, referer: http://localhost/Angular_MVC/index.php/Welcome
[Mon May 15 08:22:19.589496 2023] [authz_core:error] [pid 4572:tid 1916] [client ::1:61656] AH01630: client denied by server configuration: D:/Vu/xampp/htdocs/Angular_MVC/application/vendor/font-awesome.css, referer: http://localhost/Angular_MVC/index.php/Welcome
[Mon May 15 08:22:19.589496 2023] [authz_core:error] [pid 4572:tid 1896] [client ::1:61657] AH01630: client denied by server configuration: D:/Vu/xampp/htdocs/Angular_MVC/application/assets/styles/style.css, referer: http://localhost/Angular_MVC/index.php/Welcome
[Mon May 15 08:22:32.036123 2023] [authz_core:error] [pid 4572:tid 1884] [client ::1:61676] AH01630: client denied by server configuration: D:/Vu/xampp/htdocs/Angular_MVC/application/vendor/bootstrap.css, referer: http://localhost/Angular_MVC/index.php/Welcome
[Mon May 15 08:22:32.040112 2023] [authz_core:error] [pid 4572:tid 1892] [client ::1:61679] AH01630: client denied by server configuration: D:/Vu/xampp/htdocs/Angular_MVC/application/vendor/font-awesome.css, referer: http://localhost/Angular_MVC/index.php/Welcome
[Mon May 15 08:22:32.041110 2023] [authz_core:error] [pid 4572:tid 1916] [client ::1:61680] AH01630: client denied by server configuration: D:/Vu/xampp/htdocs/Angular_MVC/application/assets/styles/style.css, referer: http://localhost/Angular_MVC/index.php/Welcome
[Mon May 15 08:23:38.723108 2023] [core:error] [pid 4572:tid 1896] (20024)The given path is misformatted or contained invalid characters: [client ::1:61808] AH00127: Cannot map GET /Angular_MVC/index.php/%3Cdiv%20style= HTTP/1.1 to file, referer: http://localhost/Angular_MVC/index.php/Welcome
[Mon May 15 08:23:43.323366 2023] [core:error] [pid 4572:tid 1896] (20024)The given path is misformatted or contained invalid characters: [client ::1:61820] AH00127: Cannot map GET /Angular_MVC/index.php/%3Cdiv%20style= HTTP/1.1 to file, referer: http://localhost/Angular_MVC/index.php/Welcome
[Mon May 15 08:24:03.225079 2023] [authz_core:error] [pid 4572:tid 1896] [client ::1:61847] AH01630: client denied by server configuration: D:/Vu/xampp/htdocs/Angular_MVC/application/vendor/bootstrap.css, referer: http://localhost/Angular_MVC/index.php/Welcome
[Mon May 15 08:24:03.227076 2023] [authz_core:error] [pid 4572:tid 1904] [client ::1:61850] AH01630: client denied by server configuration: D:/Vu/xampp/htdocs/Angular_MVC/application/vendor/font-awesome.css, referer: http://localhost/Angular_MVC/index.php/Welcome
[Mon May 15 08:24:03.228073 2023] [authz_core:error] [pid 4572:tid 1884] [client ::1:61851] AH01630: client denied by server configuration: D:/Vu/xampp/htdocs/Angular_MVC/application/assets/styles/style.css, referer: http://localhost/Angular_MVC/index.php/Welcome
[Mon May 15 08:28:10.998781 2023] [authz_core:error] [pid 4572:tid 1912] [client ::1:62194] AH01630: client denied by server configuration: D:/Vu/xampp/htdocs/Angular_MVC/application/vendor/font-awesome.css, referer: http://localhost/Angular_MVC/index.php/Welcome
[Mon May 15 08:28:10.999778 2023] [authz_core:error] [pid 4572:tid 1916] [client ::1:62195] AH01630: client denied by server configuration: D:/Vu/xampp/htdocs/Angular_MVC/application/assets/styles/style.css, referer: http://localhost/Angular_MVC/index.php/Welcome
[Mon May 15 08:29:58.121857 2023] [authz_core:error] [pid 4572:tid 1904] [client ::1:62355] AH01630: client denied by server configuration: D:/Vu/xampp/htdocs/Angular_MVC/application/vendor/bootstrap.js, referer: http://localhost/Angular_MVC/index.php/Welcome
[Mon May 15 08:29:58.121857 2023] [authz_core:error] [pid 4572:tid 1892] [client ::1:62356] AH01630: client denied by server configuration: D:/Vu/xampp/htdocs/Angular_MVC/application/angular.js, referer: http://localhost/Angular_MVC/index.php/Welcome
[Mon May 15 08:29:58.125846 2023] [authz_core:error] [pid 4572:tid 1884] [client ::1:62350] AH01630: client denied by server configuration: D:/Vu/xampp/htdocs/Angular_MVC/application/vendor/angular-animate.min.js, referer: http://localhost/Angular_MVC/index.php/Welcome
[Mon May 15 08:29:58.128839 2023] [authz_core:error] [pid 4572:tid 1896] [client ::1:62354] AH01630: client denied by server configuration: D:/Vu/xampp/htdocs/Angular_MVC/application/vendor/angular-messages.min.js, referer: http://localhost/Angular_MVC/index.php/Welcome
[Mon May 15 08:29:58.128839 2023] [authz_core:error] [pid 4572:tid 1912] [client ::1:62352] AH01630: client denied by server configuration: D:/Vu/xampp/htdocs/Angular_MVC/application/vendor/angular-material.min.js, referer: http://localhost/Angular_MVC/index.php/Welcome
[Mon May 15 08:29:58.128839 2023] [authz_core:error] [pid 4572:tid 1904] [client ::1:62355] AH01630: client denied by server configuration: D:/Vu/xampp/htdocs/Angular_MVC/application/assets/js/controller.js, referer: http://localhost/Angular_MVC/index.php/Welcome
[Mon May 15 08:29:58.129835 2023] [authz_core:error] [pid 4572:tid 1916] [client ::1:62353] AH01630: client denied by server configuration: D:/Vu/xampp/htdocs/Angular_MVC/application/vendor/angular-aria.min.js, referer: http://localhost/Angular_MVC/index.php/Welcome
[Mon May 15 08:30:12.101380 2023] [authz_core:error] [pid 4572:tid 1896] [client ::1:62380] AH01630: client denied by server configuration: D:/Vu/xampp/htdocs/Angular_MVC/application/vendor/bootstrap.js, referer: http://localhost/Angular_MVC/index.php/Welcome
[Mon May 15 08:30:12.102377 2023] [authz_core:error] [pid 4572:tid 1892] [client ::1:62381] AH01630: client denied by server configuration: D:/Vu/xampp/htdocs/Angular_MVC/application/angular.js, referer: http://localhost/Angular_MVC/index.php/Welcome
[Mon May 15 08:30:12.102377 2023] [authz_core:error] [pid 4572:tid 1916] [client ::1:62375] AH01630: client denied by server configuration: D:/Vu/xampp/htdocs/Angular_MVC/application/vendor/angular-animate.min.js, referer: http://localhost/Angular_MVC/index.php/Welcome
[Mon May 15 08:30:12.104372 2023] [authz_core:error] [pid 4572:tid 1896] [client ::1:62380] AH01630: client denied by server configuration: D:/Vu/xampp/htdocs/Angular_MVC/application/vendor/angular-material.min.js, referer: http://localhost/Angular_MVC/index.php/Welcome
[Mon May 15 08:30:12.104372 2023] [authz_core:error] [pid 4572:tid 1884] [client ::1:62379] AH01630: client denied by server configuration: D:/Vu/xampp/htdocs/Angular_MVC/application/assets/js/controller.js, referer: http://localhost/Angular_MVC/index.php/Welcome
[Mon May 15 08:30:12.104372 2023] [authz_core:error] [pid 4572:tid 1904] [client ::1:62377] AH01630: client denied by server configuration: D:/Vu/xampp/htdocs/Angular_MVC/application/vendor/angular-messages.min.js, referer: http://localhost/Angular_MVC/index.php/Welcome
[Mon May 15 08:30:12.105369 2023] [authz_core:error] [pid 4572:tid 1912] [client ::1:62378] AH01630: client denied by server configuration: D:/Vu/xampp/htdocs/Angular_MVC/application/vendor/angular-aria.min.js, referer: http://localhost/Angular_MVC/index.php/Welcome
[Mon May 15 08:30:46.508852 2023] [authz_core:error] [pid 4572:tid 1912] [client ::1:62422] AH01630: client denied by server configuration: D:/Vu/xampp/htdocs/Angular_MVC/application/vendor/bootstrap.css, referer: http://localhost/Angular_MVC/index.php/Welcome
[Mon May 15 08:30:46.511844 2023] [authz_core:error] [pid 4572:tid 1896] [client ::1:62426] AH01630: client denied by server configuration: D:/Vu/xampp/htdocs/Angular_MVC/application/assets/styles/style.css, referer: http://localhost/Angular_MVC/index.php/Welcome
[Mon May 15 08:30:46.511844 2023] [authz_core:error] [pid 4572:tid 1892] [client ::1:62428] AH01630: client denied by server configuration: D:/Vu/xampp/htdocs/Angular_MVC/application/angular.js, referer: http://localhost/Angular_MVC/index.php/Welcome
[Mon May 15 08:30:46.511844 2023] [authz_core:error] [pid 4572:tid 1916] [client ::1:62427] AH01630: client denied by server configuration: D:/Vu/xampp/htdocs/Angular_MVC/application/vendor/bootstrap.js, referer: http://localhost/Angular_MVC/index.php/Welcome
[Mon May 15 08:30:46.511844 2023] [authz_core:error] [pid 4572:tid 1884] [client ::1:62425] AH01630: client denied by server configuration: D:/Vu/xampp/htdocs/Angular_MVC/application/vendor/font-awesome.css, referer: http://localhost/Angular_MVC/index.php/Welcome
[Mon May 15 08:30:46.513840 2023] [authz_core:error] [pid 4572:tid 1912] [client ::1:62422] AH01630: client denied by server configuration: D:/Vu/xampp/htdocs/Angular_MVC/application/vendor/angular-animate.min.js, referer: http://localhost/Angular_MVC/index.php/Welcome
[Mon May 15 08:30:46.515833 2023] [authz_core:error] [pid 4572:tid 1896] [client ::1:62426] AH01630: client denied by server configuration: D:/Vu/xampp/htdocs/Angular_MVC/application/vendor/angular-aria.min.js, referer: http://localhost/Angular_MVC/index.php/Welcome
[Mon May 15 08:30:46.515833 2023] [authz_core:error] [pid 4572:tid 1892] [client ::1:62428] AH01630: client denied by server configuration: D:/Vu/xampp/htdocs/Angular_MVC/application/vendor/angular-messages.min.js, referer: http://localhost/Angular_MVC/index.php/Welcome
[Mon May 15 08:30:46.515833 2023] [authz_core:error] [pid 4572:tid 1916] [client ::1:62427] AH01630: client denied by server configuration: D:/Vu/xampp/htdocs/Angular_MVC/application/vendor/angular-material.min.js, referer: http://localhost/Angular_MVC/index.php/Welcome
[Mon May 15 08:30:46.515833 2023] [authz_core:error] [pid 4572:tid 1884] [client ::1:62425] AH01630: client denied by server configuration: D:/Vu/xampp/htdocs/Angular_MVC/application/assets/js/controller.js, referer: http://localhost/Angular_MVC/index.php/Welcome
[Mon May 15 08:31:29.688172 2023] [authz_core:error] [pid 4572:tid 1884] [client ::1:62482] AH01630: client denied by server configuration: D:/Vu/xampp/htdocs/Angular_MVC/application/vendor/bootstrap.css, referer: http://localhost/Angular_MVC/index.php/Welcome
[Mon May 15 08:31:29.688172 2023] [authz_core:error] [pid 4572:tid 1916] [client ::1:62484] AH01630: client denied by server configuration: D:/Vu/xampp/htdocs/Angular_MVC/application/vendor/angular-material.min.css, referer: http://localhost/Angular_MVC/index.php/Welcome
[Mon May 15 08:31:29.688172 2023] [authz_core:error] [pid 4572:tid 1892] [client ::1:62485] AH01630: client denied by server configuration: D:/Vu/xampp/htdocs/Angular_MVC/application/vendor/font-awesome.css, referer: http://localhost/Angular_MVC/index.php/Welcome
[Mon May 15 08:31:29.692160 2023] [authz_core:error] [pid 4572:tid 1896] [client ::1:62486] AH01630: client denied by server configuration: D:/Vu/xampp/htdocs/Angular_MVC/application/assets/styles/style.css, referer: http://localhost/Angular_MVC/index.php/Welcome
[Mon May 15 08:31:29.692160 2023] [authz_core:error] [pid 4572:tid 1884] [client ::1:62482] AH01630: client denied by server configuration: D:/Vu/xampp/htdocs/Angular_MVC/application/vendor/bootstrap.js, referer: http://localhost/Angular_MVC/index.php/Welcome
[Mon May 15 08:31:29.692160 2023] [authz_core:error] [pid 4572:tid 1916] [client ::1:62484] AH01630: client denied by server configuration: D:/Vu/xampp/htdocs/Angular_MVC/application/angular.js, referer: http://localhost/Angular_MVC/index.php/Welcome
[Mon May 15 08:31:29.692160 2023] [authz_core:error] [pid 4572:tid 1892] [client ::1:62485] AH01630: client denied by server configuration: D:/Vu/xampp/htdocs/Angular_MVC/application/vendor/angular-animate.min.js, referer: http://localhost/Angular_MVC/index.php/Welcome
[Mon May 15 08:31:29.692160 2023] [authz_core:error] [pid 4572:tid 1912] [client ::1:62487] AH01630: client denied by server configuration: D:/Vu/xampp/htdocs/Angular_MVC/application/vendor/angular-aria.min.js, referer: http://localhost/Angular_MVC/index.php/Welcome
[Mon May 15 08:31:29.695152 2023] [authz_core:error] [pid 4572:tid 1884] [client ::1:62482] AH01630: client denied by server configuration: D:/Vu/xampp/htdocs/Angular_MVC/application/vendor/angular-material.min.js, referer: http://localhost/Angular_MVC/index.php/Welcome
[Mon May 15 08:31:29.695152 2023] [authz_core:error] [pid 4572:tid 1896] [client ::1:62486] AH01630: client denied by server configuration: D:/Vu/xampp/htdocs/Angular_MVC/application/assets/js/controller.js, referer: http://localhost/Angular_MVC/index.php/Welcome
[Mon May 15 08:31:29.695152 2023] [authz_core:error] [pid 4572:tid 1904] [client ::1:62488] AH01630: client denied by server configuration: D:/Vu/xampp/htdocs/Angular_MVC/application/vendor/angular-messages.min.js, referer: http://localhost/Angular_MVC/index.php/Welcome
[Mon May 15 08:32:10.625669 2023] [authz_core:error] [pid 4572:tid 1904] [client ::1:62538] AH01630: client denied by server configuration: D:/Vu/xampp/htdocs/Angular_MVC/application/vendor/bootstrap.css, referer: http://localhost/Angular_MVC/index.php/Welcome
[Mon May 15 08:32:10.626666 2023] [authz_core:error] [pid 4572:tid 1896] [client ::1:62541] AH01630: client denied by server configuration: D:/Vu/xampp/htdocs/Angular_MVC/application/vendor/angular-material.min.css, referer: http://localhost/Angular_MVC/index.php/Welcome
[Mon May 15 08:32:10.627663 2023] [authz_core:error] [pid 4572:tid 1884] [client ::1:62542] AH01630: client denied by server configuration: D:/Vu/xampp/htdocs/Angular_MVC/application/vendor/font-awesome.css, referer: http://localhost/Angular_MVC/index.php/Welcome
[Mon May 15 08:32:10.627663 2023] [authz_core:error] [pid 4572:tid 1892] [client ::1:62543] AH01630: client denied by server configuration: D:/Vu/xampp/htdocs/Angular_MVC/application/assets/styles/style.css, referer: http://localhost/Angular_MVC/index.php/Welcome
[Mon May 15 08:32:10.627663 2023] [authz_core:error] [pid 4572:tid 1916] [client ::1:62544] AH01630: client denied by server configuration: D:/Vu/xampp/htdocs/Angular_MVC/application/vendor/bootstrap.js, referer: http://localhost/Angular_MVC/index.php/Welcome
[Mon May 15 08:32:10.627663 2023] [authz_core:error] [pid 4572:tid 1912] [client ::1:62545] AH01630: client denied by server configuration: D:/Vu/xampp/htdocs/Angular_MVC/application/angular.js, referer: http://localhost/Angular_MVC/index.php/Welcome
[Mon May 15 08:32:10.629659 2023] [authz_core:error] [pid 4572:tid 1904] [client ::1:62538] AH01630: client denied by server configuration: D:/Vu/xampp/htdocs/Angular_MVC/application/vendor/angular-animate.min.js, referer: http://localhost/Angular_MVC/index.php/Welcome
[Mon May 15 08:32:10.631653 2023] [authz_core:error] [pid 4572:tid 1884] [client ::1:62542] AH01630: client denied by server configuration: D:/Vu/xampp/htdocs/Angular_MVC/application/vendor/angular-messages.min.js, referer: http://localhost/Angular_MVC/index.php/Welcome
[Mon May 15 08:32:10.631653 2023] [authz_core:error] [pid 4572:tid 1916] [client ::1:62544] AH01630: client denied by server configuration: D:/Vu/xampp/htdocs/Angular_MVC/application/assets/js/controller.js, referer: http://localhost/Angular_MVC/index.php/Welcome
[Mon May 15 08:32:10.631653 2023] [authz_core:error] [pid 4572:tid 1896] [client ::1:62541] AH01630: client denied by server configuration: D:/Vu/xampp/htdocs/Angular_MVC/application/vendor/angular-aria.min.js, referer: http://localhost/Angular_MVC/index.php/Welcome
[Mon May 15 08:32:10.631653 2023] [authz_core:error] [pid 4572:tid 1892] [client ::1:62543] AH01630: client denied by server configuration: D:/Vu/xampp/htdocs/Angular_MVC/application/vendor/angular-material.min.js, referer: http://localhost/Angular_MVC/index.php/Welcome
[Mon May 15 08:32:41.702168 2023] [authz_core:error] [pid 4572:tid 1892] [client ::1:62586] AH01630: client denied by server configuration: D:/Vu/xampp/htdocs/Angular_MVC/application/vendor/bootstrap.css, referer: http://localhost/Angular_MVC/index.php/Welcome
[Mon May 15 08:32:41.704163 2023] [authz_core:error] [pid 4572:tid 1884] [client ::1:62590] AH01630: client denied by server configuration: D:/Vu/xampp/htdocs/Angular_MVC/application/assets/styles/style.css, referer: http://localhost/Angular_MVC/index.php/Welcome
[Mon May 15 08:32:41.704163 2023] [authz_core:error] [pid 4572:tid 1904] [client ::1:62591] AH01630: client denied by server configuration: D:/Vu/xampp/htdocs/Angular_MVC/application/vendor/bootstrap.js, referer: http://localhost/Angular_MVC/index.php/Welcome
[Mon May 15 08:32:41.704163 2023] [authz_core:error] [pid 4572:tid 1916] [client ::1:62589] AH01630: client denied by server configuration: D:/Vu/xampp/htdocs/Angular_MVC/application/vendor/font-awesome.css, referer: http://localhost/Angular_MVC/index.php/Welcome
[Mon May 15 08:32:41.704163 2023] [authz_core:error] [pid 4572:tid 1896] [client ::1:62588] AH01630: client denied by server configuration: D:/Vu/xampp/htdocs/Angular_MVC/application/vendor/angular-material.min.css, referer: http://localhost/Angular_MVC/index.php/Welcome
[Mon May 15 08:32:41.705161 2023] [authz_core:error] [pid 4572:tid 1912] [client ::1:62592] AH01630: client denied by server configuration: D:/Vu/xampp/htdocs/Angular_MVC/application/angular.js, referer: http://localhost/Angular_MVC/index.php/Welcome
[Mon May 15 08:32:41.707155 2023] [authz_core:error] [pid 4572:tid 1892] [client ::1:62586] AH01630: client denied by server configuration: D:/Vu/xampp/htdocs/Angular_MVC/application/vendor/angular-animate.min.js, referer: http://localhost/Angular_MVC/index.php/Welcome
[Mon May 15 08:32:41.707155 2023] [authz_core:error] [pid 4572:tid 1904] [client ::1:62591] AH01630: client denied by server configuration: D:/Vu/xampp/htdocs/Angular_MVC/application/vendor/angular-aria.min.js, referer: http://localhost/Angular_MVC/index.php/Welcome
[Mon May 15 08:32:41.708155 2023] [authz_core:error] [pid 4572:tid 1884] [client ::1:62590] AH01630: client denied by server configuration: D:/Vu/xampp/htdocs/Angular_MVC/application/vendor/angular-messages.min.js, referer: http://localhost/Angular_MVC/index.php/Welcome
[Mon May 15 08:32:41.708155 2023] [authz_core:error] [pid 4572:tid 1916] [client ::1:62589] AH01630: client denied by server configuration: D:/Vu/xampp/htdocs/Angular_MVC/application/vendor/angular-material.min.js, referer: http://localhost/Angular_MVC/index.php/Welcome
[Mon May 15 08:32:41.709151 2023] [authz_core:error] [pid 4572:tid 1896] [client ::1:62588] AH01630: client denied by server configuration: D:/Vu/xampp/htdocs/Angular_MVC/application/assets/js/controller.js, referer: http://localhost/Angular_MVC/index.php/Welcome
[Mon May 15 08:33:48.832218 2023] [authz_core:error] [pid 4572:tid 1896] [client ::1:62673] AH01630: client denied by server configuration: D:/Vu/xampp/htdocs/Angular_MVC/application/vendor/bootstrap.css, referer: http://localhost/Angular_MVC/index.php/Welcome
[Mon May 15 08:33:48.835210 2023] [authz_core:error] [pid 4572:tid 1916] [client ::1:62675] AH01630: client denied by server configuration: D:/Vu/xampp/htdocs/Angular_MVC/application/vendor/font-awesome.css, referer: http://localhost/Angular_MVC/index.php/Welcome
[Mon May 15 08:33:48.835210 2023] [authz_core:error] [pid 4572:tid 1884] [client ::1:62676] AH01630: client denied by server configuration: D:/Vu/xampp/htdocs/Angular_MVC/application/assets/styles/style.css, referer: http://localhost/Angular_MVC/index.php/Welcome
[Mon May 15 08:33:48.835210 2023] [authz_core:error] [pid 4572:tid 1892] [client ::1:62677] AH01630: client denied by server configuration: D:/Vu/xampp/htdocs/Angular_MVC/application/vendor/bootstrap.js, referer: http://localhost/Angular_MVC/index.php/Welcome
[Mon May 15 08:33:48.835210 2023] [authz_core:error] [pid 4572:tid 1896] [client ::1:62673] AH01630: client denied by server configuration: D:/Vu/xampp/htdocs/Angular_MVC/application/vendor/angular-material.min.css, referer: http://localhost/Angular_MVC/index.php/Welcome
[Mon May 15 08:33:48.835210 2023] [authz_core:error] [pid 4572:tid 1904] [client ::1:62678] AH01630: client denied by server configuration: D:/Vu/xampp/htdocs/Angular_MVC/application/angular.js, referer: http://localhost/Angular_MVC/index.php/Welcome
[Mon May 15 08:33:48.836207 2023] [authz_core:error] [pid 4572:tid 1912] [client ::1:62679] AH01630: client denied by server configuration: D:/Vu/xampp/htdocs/Angular_MVC/application/vendor/angular-animate.min.js, referer: http://localhost/Angular_MVC/index.php/Welcome
[Mon May 15 08:33:48.838201 2023] [authz_core:error] [pid 4572:tid 1916] [client ::1:62675] AH01630: client denied by server configuration: D:/Vu/xampp/htdocs/Angular_MVC/application/vendor/angular-aria.min.js, referer: http://localhost/Angular_MVC/index.php/Welcome
[Mon May 15 08:33:48.839199 2023] [authz_core:error] [pid 4572:tid 1884] [client ::1:62676] AH01630: client denied by server configuration: D:/Vu/xampp/htdocs/Angular_MVC/application/vendor/angular-messages.min.js, referer: http://localhost/Angular_MVC/index.php/Welcome
[Mon May 15 08:33:48.839199 2023] [authz_core:error] [pid 4572:tid 1892] [client ::1:62677] AH01630: client denied by server configuration: D:/Vu/xampp/htdocs/Angular_MVC/application/vendor/angular-material.min.js, referer: http://localhost/Angular_MVC/index.php/Welcome
[Mon May 15 08:33:48.841193 2023] [authz_core:error] [pid 4572:tid 1896] [client ::1:62673] AH01630: client denied by server configuration: D:/Vu/xampp/htdocs/Angular_MVC/application/assets/js/controller.js, referer: http://localhost/Angular_MVC/index.php/Welcome
[Mon May 15 08:34:03.443643 2023] [authz_core:error] [pid 4572:tid 1896] [client ::1:62701] AH01630: client denied by server configuration: D:/Vu/xampp/htdocs/Angular_MVC/application/vendor/bootstrap.css, referer: http://localhost/Angular_MVC/index.php/Welcome
[Mon May 15 08:34:03.444641 2023] [authz_core:error] [pid 4572:tid 1892] [client ::1:62704] AH01630: client denied by server configuration: D:/Vu/xampp/htdocs/Angular_MVC/application/vendor/angular-material.min.css, referer: http://localhost/Angular_MVC/index.php/Welcome
[Mon May 15 08:34:03.444641 2023] [authz_core:error] [pid 4572:tid 1912] [client ::1:62706] AH01630: client denied by server configuration: D:/Vu/xampp/htdocs/Angular_MVC/application/vendor/bootstrap.js, referer: http://localhost/Angular_MVC/index.php/Welcome
[Mon May 15 08:34:03.446636 2023] [authz_core:error] [pid 4572:tid 1896] [client ::1:62701] AH01630: client denied by server configuration: D:/Vu/xampp/htdocs/Angular_MVC/application/vendor/angular-animate.min.js, referer: http://localhost/Angular_MVC/index.php/Welcome
[Mon May 15 08:34:03.448629 2023] [authz_core:error] [pid 4572:tid 1892] [client ::1:62704] AH01630: client denied by server configuration: D:/Vu/xampp/htdocs/Angular_MVC/application/vendor/angular-aria.min.js, referer: http://localhost/Angular_MVC/index.php/Welcome
[Mon May 15 08:34:03.448629 2023] [authz_core:error] [pid 4572:tid 1912] [client ::1:62706] AH01630: client denied by server configuration: D:/Vu/xampp/htdocs/Angular_MVC/application/vendor/angular-messages.min.js, referer: http://localhost/Angular_MVC/index.php/Welcome
[Mon May 15 08:34:03.448629 2023] [authz_core:error] [pid 4572:tid 1884] [client ::1:62703] AH01630: client denied by server configuration: D:/Vu/xampp/htdocs/Angular_MVC/application/vendor/font-awesome.css, referer: http://localhost/Angular_MVC/index.php/Welcome
[Mon May 15 08:34:03.449627 2023] [authz_core:error] [pid 4572:tid 1904] [client ::1:62707] AH01630: client denied by server configuration: D:/Vu/xampp/htdocs/Angular_MVC/application/angular.js, referer: http://localhost/Angular_MVC/index.php/Welcome
[Mon May 15 08:34:03.449627 2023] [authz_core:error] [pid 4572:tid 1916] [client ::1:62705] AH01630: client denied by server configuration: D:/Vu/xampp/htdocs/Angular_MVC/application/assets/styles/style.css, referer: http://localhost/Angular_MVC/index.php/Welcome
[Mon May 15 08:34:03.454615 2023] [authz_core:error] [pid 4572:tid 1896] [client ::1:62701] AH01630: client denied by server configuration: D:/Vu/xampp/htdocs/Angular_MVC/application/vendor/angular-material.min.js, referer: http://localhost/Angular_MVC/index.php/Welcome
[Mon May 15 08:34:03.457606 2023] [authz_core:error] [pid 4572:tid 1892] [client ::1:62704] AH01630: client denied by server configuration: D:/Vu/xampp/htdocs/Angular_MVC/application/assets/js/controller.js, referer: http://localhost/Angular_MVC/index.php/Welcome
[Mon May 15 08:35:32.828925 2023] [authz_core:error] [pid 4572:tid 1892] [client ::1:62824] AH01630: client denied by server configuration: D:/Vu/xampp/htdocs/Angular_MVC/application/vendor/bootstrap.css, referer: http://localhost/Angular_MVC/index.php/Welcome
[Mon May 15 08:35:32.830921 2023] [authz_core:error] [pid 4572:tid 1896] [client ::1:62826] AH01630: client denied by server configuration: D:/Vu/xampp/htdocs/Angular_MVC/application/vendor/angular-material.min.css, referer: http://localhost/Angular_MVC/index.php/Welcome
[Mon May 15 08:35:32.830921 2023] [authz_core:error] [pid 4572:tid 1916] [client ::1:62827] AH01630: client denied by server configuration: D:/Vu/xampp/htdocs/Angular_MVC/application/vendor/font-awesome.css, referer: http://localhost/Angular_MVC/index.php/Welcome
[Mon May 15 08:35:32.830921 2023] [authz_core:error] [pid 4572:tid 1884] [client ::1:62829] AH01630: client denied by server configuration: D:/Vu/xampp/htdocs/Angular_MVC/application/vendor/bootstrap.js, referer: http://localhost/Angular_MVC/index.php/Welcome
[Mon May 15 08:35:32.830921 2023] [authz_core:error] [pid 4572:tid 1904] [client ::1:62828] AH01630: client denied by server configuration: D:/Vu/xampp/htdocs/Angular_MVC/application/assets/styles/style.css, referer: http://localhost/Angular_MVC/index.php/Welcome
[Mon May 15 08:35:32.831917 2023] [authz_core:error] [pid 4572:tid 1912] [client ::1:62830] AH01630: client denied by server configuration: D:/Vu/xampp/htdocs/Angular_MVC/application/angular.js, referer: http://localhost/Angular_MVC/index.php/Welcome
[Mon May 15 08:35:32.833912 2023] [authz_core:error] [pid 4572:tid 1904] [client ::1:62828] AH01630: client denied by server configuration: D:/Vu/xampp/htdocs/Angular_MVC/application/assets/js/controller.js, referer: http://localhost/Angular_MVC/index.php/Welcome
[Mon May 15 08:35:32.833912 2023] [authz_core:error] [pid 4572:tid 1916] [client ::1:62827] AH01630: client denied by server configuration: D:/Vu/xampp/htdocs/Angular_MVC/application/vendor/angular-aria.min.js, referer: http://localhost/Angular_MVC/index.php/Welcome
[Mon May 15 08:35:32.833912 2023] [authz_core:error] [pid 4572:tid 1892] [client ::1:62824] AH01630: client denied by server configuration: D:/Vu/xampp/htdocs/Angular_MVC/application/vendor/angular-animate.min.js, referer: http://localhost/Angular_MVC/index.php/Welcome
[Mon May 15 08:35:32.833912 2023] [authz_core:error] [pid 4572:tid 1896] [client ::1:62826] AH01630: client denied by server configuration: D:/Vu/xampp/htdocs/Angular_MVC/application/vendor/angular-messages.min.js, referer: http://localhost/Angular_MVC/index.php/Welcome
[Mon May 15 08:35:32.833912 2023] [authz_core:error] [pid 4572:tid 1884] [client ::1:62829] AH01630: client denied by server configuration: D:/Vu/xampp/htdocs/Angular_MVC/application/vendor/angular-material.min.js, referer: http://localhost/Angular_MVC/index.php/Welcome
[Mon May 15 08:37:12.367913 2023] [authz_core:error] [pid 4572:tid 1884] [client ::1:62959] AH01630: client denied by server configuration: D:/Vu/xampp/htdocs/Angular_MVC/application/vendor/bootstrap.css, referer: http://localhost/Angular_MVC/index.php/Welcome
[Mon May 15 08:37:12.368910 2023] [authz_core:error] [pid 4572:tid 1904] [client ::1:62961] AH01630: client denied by server configuration: D:/Vu/xampp/htdocs/Angular_MVC/application/vendor/angular-material.min.css, referer: http://localhost/Angular_MVC/index.php/Welcome
[Mon May 15 08:37:12.368910 2023] [authz_core:error] [pid 4572:tid 1916] [client ::1:62963] AH01630: client denied by server configuration: D:/Vu/xampp/htdocs/Angular_MVC/application/assets/styles/style.css, referer: http://localhost/Angular_MVC/index.php/Welcome
[Mon May 15 08:37:12.368910 2023] [authz_core:error] [pid 4572:tid 1892] [client ::1:62964] AH01630: client denied by server configuration: D:/Vu/xampp/htdocs/Angular_MVC/application/vendor/bootstrap.js, referer: http://localhost/Angular_MVC/index.php/Welcome
[Mon May 15 08:37:12.368910 2023] [authz_core:error] [pid 4572:tid 1896] [client ::1:62962] AH01630: client denied by server configuration: D:/Vu/xampp/htdocs/Angular_MVC/application/vendor/font-awesome.css, referer: http://localhost/Angular_MVC/index.php/Welcome
[Mon May 15 08:37:12.368910 2023] [authz_core:error] [pid 4572:tid 1912] [client ::1:62965] AH01630: client denied by server configuration: D:/Vu/xampp/htdocs/Angular_MVC/application/angular.js, referer: http://localhost/Angular_MVC/index.php/Welcome
[Mon May 15 08:37:12.370905 2023] [authz_core:error] [pid 4572:tid 1884] [client ::1:62959] AH01630: client denied by server configuration: D:/Vu/xampp/htdocs/Angular_MVC/application/vendor/angular-animate.min.js, referer: http://localhost/Angular_MVC/index.php/Welcome
[Mon May 15 08:37:12.370905 2023] [authz_core:error] [pid 4572:tid 1896] [client ::1:62962] AH01630: client denied by server configuration: D:/Vu/xampp/htdocs/Angular_MVC/application/vendor/angular-aria.min.js, referer: http://localhost/Angular_MVC/index.php/Welcome
[Mon May 15 08:37:12.372900 2023] [authz_core:error] [pid 4572:tid 1892] [client ::1:62964] AH01630: client denied by server configuration: D:/Vu/xampp/htdocs/Angular_MVC/application/vendor/angular-messages.min.js, referer: http://localhost/Angular_MVC/index.php/Welcome
[Mon May 15 08:37:12.372900 2023] [authz_core:error] [pid 4572:tid 1916] [client ::1:62963] AH01630: client denied by server configuration: D:/Vu/xampp/htdocs/Angular_MVC/application/vendor/angular-material.min.js, referer: http://localhost/Angular_MVC/index.php/Welcome
[Mon May 15 08:37:12.372900 2023] [authz_core:error] [pid 4572:tid 1904] [client ::1:62961] AH01630: client denied by server configuration: D:/Vu/xampp/htdocs/Angular_MVC/application/assets/js/controller.js, referer: http://localhost/Angular_MVC/index.php/Welcome
[Mon May 15 08:48:17.488604 2023] [authz_core:error] [pid 4572:tid 1904] [client ::1:63807] AH01630: client denied by server configuration: D:/Vu/xampp/htdocs/Angular_MVC/application/vendor/bootstrap.css, referer: http://localhost/Angular_MVC/index.php/Welcome
[Mon May 15 08:48:17.490599 2023] [authz_core:error] [pid 4572:tid 1892] [client ::1:63810] AH01630: client denied by server configuration: D:/Vu/xampp/htdocs/Angular_MVC/application/vendor/angular-material.min.css, referer: http://localhost/Angular_MVC/index.php/Welcome
[Mon May 15 08:48:17.490599 2023] [authz_core:error] [pid 4572:tid 1916] [client ::1:63811] AH01630: client denied by server configuration: D:/Vu/xampp/htdocs/Angular_MVC/application/vendor/font-awesome.css, referer: http://localhost/Angular_MVC/index.php/Welcome
[Mon May 15 08:48:17.490599 2023] [authz_core:error] [pid 4572:tid 1912] [client ::1:63812] AH01630: client denied by server configuration: D:/Vu/xampp/htdocs/Angular_MVC/application/assets/styles/style.css, referer: http://localhost/Angular_MVC/index.php/Welcome
[Mon May 15 08:48:17.490599 2023] [authz_core:error] [pid 4572:tid 1896] [client ::1:63813] AH01630: client denied by server configuration: D:/Vu/xampp/htdocs/Angular_MVC/application/vendor/bootstrap.js, referer: http://localhost/Angular_MVC/index.php/Welcome
[Mon May 15 08:48:17.491596 2023] [authz_core:error] [pid 4572:tid 1904] [client ::1:63807] AH01630: client denied by server configuration: D:/Vu/xampp/htdocs/Angular_MVC/application/angular.js, referer: http://localhost/Angular_MVC/index.php/Welcome
[Mon May 15 08:48:17.491596 2023] [authz_core:error] [pid 4572:tid 1884] [client ::1:63814] AH01630: client denied by server configuration: D:/Vu/xampp/htdocs/Angular_MVC/application/vendor/angular-animate.min.js, referer: http://localhost/Angular_MVC/index.php/Welcome
[Mon May 15 08:48:17.492594 2023] [authz_core:error] [pid 4572:tid 1892] [client ::1:63810] AH01630: client denied by server configuration: D:/Vu/xampp/htdocs/Angular_MVC/application/vendor/angular-aria.min.js, referer: http://localhost/Angular_MVC/index.php/Welcome
[Mon May 15 08:48:17.492594 2023] [authz_core:error] [pid 4572:tid 1916] [client ::1:63811] AH01630: client denied by server configuration: D:/Vu/xampp/htdocs/Angular_MVC/application/vendor/angular-messages.min.js, referer: http://localhost/Angular_MVC/index.php/Welcome
[Mon May 15 08:48:17.493591 2023] [authz_core:error] [pid 4572:tid 1912] [client ::1:63812] AH01630: client denied by server configuration: D:/Vu/xampp/htdocs/Angular_MVC/application/vendor/angular-material.min.js, referer: http://localhost/Angular_MVC/index.php/Welcome
[Mon May 15 08:48:17.493591 2023] [authz_core:error] [pid 4572:tid 1896] [client ::1:63813] AH01630: client denied by server configuration: D:/Vu/xampp/htdocs/Angular_MVC/application/assets/js/controller.js, referer: http://localhost/Angular_MVC/index.php/Welcome
[Mon May 15 08:49:34.451962 2023] [authz_core:error] [pid 4572:tid 1912] [client ::1:63908] AH01630: client denied by server configuration: D:/Vu/xampp/htdocs/Angular_MVC/application/vendor/angular-material.min.css, referer: http://localhost/Angular_MVC/index.php/Welcome
[Mon May 15 08:49:34.452959 2023] [authz_core:error] [pid 4572:tid 1892] [client ::1:63909] AH01630: client denied by server configuration: D:/Vu/xampp/htdocs/Angular_MVC/application/vendor/font-awesome.css, referer: http://localhost/Angular_MVC/index.php/Welcome
[Mon May 15 08:49:34.453957 2023] [authz_core:error] [pid 4572:tid 1916] [client ::1:63910] AH01630: client denied by server configuration: D:/Vu/xampp/htdocs/Angular_MVC/application/assets/styles/style.css, referer: http://localhost/Angular_MVC/index.php/Welcome
[Mon May 15 08:49:34.453957 2023] [authz_core:error] [pid 4572:tid 1904] [client ::1:63911] AH01630: client denied by server configuration: D:/Vu/xampp/htdocs/Angular_MVC/application/vendor/bootstrap.js, referer: http://localhost/Angular_MVC/index.php/Welcome
[Mon May 15 08:49:34.453957 2023] [authz_core:error] [pid 4572:tid 1884] [client ::1:63912] AH01630: client denied by server configuration: D:/Vu/xampp/htdocs/Angular_MVC/application/angular.js, referer: http://localhost/Angular_MVC/index.php/Welcome
[Mon May 15 08:49:34.455951 2023] [authz_core:error] [pid 4572:tid 1896] [client ::1:63906] AH01630: client denied by server configuration: D:/Vu/xampp/htdocs/Angular_MVC/application/vendor/angular-animate.min.js, referer: http://localhost/Angular_MVC/index.php/Welcome
[Mon May 15 08:49:34.455951 2023] [authz_core:error] [pid 4572:tid 1892] [client ::1:63909] AH01630: client denied by server configuration: D:/Vu/xampp/htdocs/Angular_MVC/application/vendor/angular-messages.min.js, referer: http://localhost/Angular_MVC/index.php/Welcome
[Mon May 15 08:49:34.455951 2023] [authz_core:error] [pid 4572:tid 1912] [client ::1:63908] AH01630: client denied by server configuration: D:/Vu/xampp/htdocs/Angular_MVC/application/vendor/angular-aria.min.js, referer: http://localhost/Angular_MVC/index.php/Welcome
[Mon May 15 08:49:34.458943 2023] [authz_core:error] [pid 4572:tid 1916] [client ::1:63910] AH01630: client denied by server configuration: D:/Vu/xampp/htdocs/Angular_MVC/application/vendor/angular-material.min.js, referer: http://localhost/Angular_MVC/index.php/Welcome
[Mon May 15 08:49:34.459941 2023] [authz_core:error] [pid 4572:tid 1904] [client ::1:63911] AH01630: client denied by server configuration: D:/Vu/xampp/htdocs/Angular_MVC/application/assets/js/controller.js, referer: http://localhost/Angular_MVC/index.php/Welcome
[Mon May 15 08:49:58.175719 2023] [authz_core:error] [pid 4572:tid 1904] [client ::1:63945] AH01630: client denied by server configuration: D:/Vu/xampp/htdocs/Angular_MVC/application/vendor/bootstrap.css, referer: http://localhost/Angular_MVC/index.php/Welcome
[Mon May 15 08:49:58.177713 2023] [authz_core:error] [pid 4572:tid 1916] [client ::1:63948] AH01630: client denied by server configuration: D:/Vu/xampp/htdocs/Angular_MVC/application/vendor/angular-material.min.css, referer: http://localhost/Angular_MVC/index.php/Welcome
[Mon May 15 08:49:58.178711 2023] [authz_core:error] [pid 4572:tid 1892] [client ::1:63949] AH01630: client denied by server configuration: D:/Vu/xampp/htdocs/Angular_MVC/application/vendor/font-awesome.css, referer: http://localhost/Angular_MVC/index.php/Welcome
[Mon May 15 08:49:58.179708 2023] [authz_core:error] [pid 4572:tid 1896] [client ::1:63950] AH01630: client denied by server configuration: D:/Vu/xampp/htdocs/Angular_MVC/application/assets/styles/style.css, referer: http://localhost/Angular_MVC/index.php/Welcome
[Mon May 15 08:49:58.179708 2023] [authz_core:error] [pid 4572:tid 1912] [client ::1:63951] AH01630: client denied by server configuration: D:/Vu/xampp/htdocs/Angular_MVC/application/vendor/bootstrap.js, referer: http://localhost/Angular_MVC/index.php/Welcome
[Mon May 15 08:49:58.179708 2023] [authz_core:error] [pid 4572:tid 1904] [client ::1:63945] AH01630: client denied by server configuration: D:/Vu/xampp/htdocs/Angular_MVC/application/vendor/angular-animate.min.js, referer: http://localhost/Angular_MVC/index.php/Welcome
[Mon May 15 08:49:58.179708 2023] [authz_core:error] [pid 4572:tid 1884] [client ::1:63952] AH01630: client denied by server configuration: D:/Vu/xampp/htdocs/Angular_MVC/application/angular.js, referer: http://localhost/Angular_MVC/index.php/Welcome
[Mon May 15 08:49:58.181702 2023] [authz_core:error] [pid 4572:tid 1916] [client ::1:63948] AH01630: client denied by server configuration: D:/Vu/xampp/htdocs/Angular_MVC/application/vendor/angular-aria.min.js, referer: http://localhost/Angular_MVC/index.php/Welcome
[Mon May 15 08:49:58.181702 2023] [authz_core:error] [pid 4572:tid 1896] [client ::1:63950] AH01630: client denied by server configuration: D:/Vu/xampp/htdocs/Angular_MVC/application/vendor/angular-material.min.js, referer: http://localhost/Angular_MVC/index.php/Welcome
[Mon May 15 08:49:58.181702 2023] [authz_core:error] [pid 4572:tid 1892] [client ::1:63949] AH01630: client denied by server configuration: D:/Vu/xampp/htdocs/Angular_MVC/application/vendor/angular-messages.min.js, referer: http://localhost/Angular_MVC/index.php/Welcome
[Mon May 15 08:49:58.182699 2023] [authz_core:error] [pid 4572:tid 1912] [client ::1:63951] AH01630: client denied by server configuration: D:/Vu/xampp/htdocs/Angular_MVC/application/assets/js/controller.js, referer: http://localhost/Angular_MVC/index.php/Welcome
[Mon May 15 08:51:04.971800 2023] [authz_core:error] [pid 4572:tid 1912] [client ::1:64034] AH01630: client denied by server configuration: D:/Vu/xampp/htdocs/Angular_MVC/application/vendor/bootstrap.css, referer: http://localhost/Angular_MVC/index.php/Welcome
[Mon May 15 08:51:04.975789 2023] [authz_core:error] [pid 4572:tid 1896] [client ::1:64036] AH01630: client denied by server configuration: D:/Vu/xampp/htdocs/Angular_MVC/application/vendor/angular-material.min.css, referer: http://localhost/Angular_MVC/index.php/Welcome
[Mon May 15 08:51:04.975789 2023] [authz_core:error] [pid 4572:tid 1892] [client ::1:64038] AH01630: client denied by server configuration: D:/Vu/xampp/htdocs/Angular_MVC/application/assets/styles/style.css, referer: http://localhost/Angular_MVC/index.php/Welcome
[Mon May 15 08:51:04.976787 2023] [authz_core:error] [pid 4572:tid 1916] [client ::1:64037] AH01630: client denied by server configuration: D:/Vu/xampp/htdocs/Angular_MVC/application/vendor/font-awesome.css, referer: http://localhost/Angular_MVC/index.php/Welcome
[Mon May 15 08:51:04.976787 2023] [authz_core:error] [pid 4572:tid 1904] [client ::1:64039] AH01630: client denied by server configuration: D:/Vu/xampp/htdocs/Angular_MVC/application/vendor/bootstrap.js, referer: http://localhost/Angular_MVC/index.php/Welcome
[Mon May 15 08:51:04.977784 2023] [authz_core:error] [pid 4572:tid 1884] [client ::1:64040] AH01630: client denied by server configuration: D:/Vu/xampp/htdocs/Angular_MVC/application/angular.js, referer: http://localhost/Angular_MVC/index.php/Welcome
[Mon May 15 08:51:04.982771 2023] [authz_core:error] [pid 4572:tid 1896] [client ::1:64036] AH01630: client denied by server configuration: D:/Vu/xampp/htdocs/Angular_MVC/application/vendor/angular-animate.min.js, referer: http://localhost/Angular_MVC/index.php/Welcome
[Mon May 15 08:51:04.982771 2023] [authz_core:error] [pid 4572:tid 1916] [client ::1:64037] AH01630: client denied by server configuration: D:/Vu/xampp/htdocs/Angular_MVC/application/vendor/angular-messages.min.js, referer: http://localhost/Angular_MVC/index.php/Welcome
[Mon May 15 08:51:04.982771 2023] [authz_core:error] [pid 4572:tid 1892] [client ::1:64038] AH01630: client denied by server configuration: D:/Vu/xampp/htdocs/Angular_MVC/application/vendor/angular-aria.min.js, referer: http://localhost/Angular_MVC/index.php/Welcome
[Mon May 15 08:51:04.983768 2023] [authz_core:error] [pid 4572:tid 1904] [client ::1:64039] AH01630: client denied by server configuration: D:/Vu/xampp/htdocs/Angular_MVC/application/vendor/angular-material.min.js, referer: http://localhost/Angular_MVC/index.php/Welcome
[Mon May 15 08:51:04.984765 2023] [authz_core:error] [pid 4572:tid 1884] [client ::1:64040] AH01630: client denied by server configuration: D:/Vu/xampp/htdocs/Angular_MVC/application/assets/js/controller.js, referer: http://localhost/Angular_MVC/index.php/Welcome
[Mon May 15 08:51:45.765817 2023] [authz_core:error] [pid 4572:tid 1884] [client ::1:64097] AH01630: client denied by server configuration: D:/Vu/xampp/htdocs/Angular_MVC/application/vendor/bootstrap.css, referer: http://localhost/Angular_MVC/index.php/Welcome
[Mon May 15 08:51:45.769805 2023] [authz_core:error] [pid 4572:tid 1892] [client ::1:64102] AH01630: client denied by server configuration: D:/Vu/xampp/htdocs/Angular_MVC/application/vendor/bootstrap.js, referer: http://localhost/Angular_MVC/index.php/Welcome
[Mon May 15 08:51:45.769805 2023] [authz_core:error] [pid 4572:tid 1896] [client ::1:64101] AH01630: client denied by server configuration: D:/Vu/xampp/htdocs/Angular_MVC/application/assets/styles/style.css, referer: http://localhost/Angular_MVC/index.php/Welcome
[Mon May 15 08:51:45.769805 2023] [authz_core:error] [pid 4572:tid 1912] [client ::1:64099] AH01630: client denied by server configuration: D:/Vu/xampp/htdocs/Angular_MVC/application/vendor/angular-material.min.css, referer: http://localhost/Angular_MVC/index.php/Welcome
[Mon May 15 08:51:45.771800 2023] [authz_core:error] [pid 4572:tid 1904] [client ::1:64100] AH01630: client denied by server configuration: D:/Vu/xampp/htdocs/Angular_MVC/application/vendor/font-awesome.css, referer: http://localhost/Angular_MVC/index.php/Welcome
[Mon May 15 08:51:45.771800 2023] [authz_core:error] [pid 4572:tid 1916] [client ::1:64103] AH01630: client denied by server configuration: D:/Vu/xampp/htdocs/Angular_MVC/application/angular.js, referer: http://localhost/Angular_MVC/index.php/Welcome
[Mon May 15 08:51:45.773795 2023] [authz_core:error] [pid 4572:tid 1896] [client ::1:64101] AH01630: client denied by server configuration: D:/Vu/xampp/htdocs/Angular_MVC/application/vendor/angular-animate.min.js, referer: http://localhost/Angular_MVC/index.php/Welcome
[Mon May 15 08:51:45.774792 2023] [authz_core:error] [pid 4572:tid 1892] [client ::1:64102] AH01630: client denied by server configuration: D:/Vu/xampp/htdocs/Angular_MVC/application/vendor/angular-aria.min.js, referer: http://localhost/Angular_MVC/index.php/Welcome
[Mon May 15 08:51:45.774792 2023] [authz_core:error] [pid 4572:tid 1904] [client ::1:64100] AH01630: client denied by server configuration: D:/Vu/xampp/htdocs/Angular_MVC/application/vendor/angular-messages.min.js, referer: http://localhost/Angular_MVC/index.php/Welcome
[Mon May 15 08:51:45.774792 2023] [authz_core:error] [pid 4572:tid 1916] [client ::1:64103] AH01630: client denied by server configuration: D:/Vu/xampp/htdocs/Angular_MVC/application/vendor/angular-material.min.js, referer: http://localhost/Angular_MVC/index.php/Welcome
[Mon May 15 08:51:45.776786 2023] [authz_core:error] [pid 4572:tid 1896] [client ::1:64101] AH01630: client denied by server configuration: D:/Vu/xampp/htdocs/Angular_MVC/application/assets/js/controller.js, referer: http://localhost/Angular_MVC/index.php/Welcome
[Mon May 15 08:52:15.775948 2023] [authz_core:error] [pid 4572:tid 1912] [client ::1:64141] AH01630: client denied by server configuration: D:/Vu/xampp/htdocs/Angular_MVC/application/vendor/bootstrap.css, referer: http://localhost/Angular_MVC/index.php/Welcome
[Mon May 15 08:52:15.777941 2023] [authz_core:error] [pid 4572:tid 1884] [client ::1:64143] AH01630: client denied by server configuration: D:/Vu/xampp/htdocs/Angular_MVC/application/vendor/angular-material.min.css, referer: http://localhost/Angular_MVC/index.php/Welcome
[Mon May 15 08:52:15.783925 2023] [authz_core:error] [pid 4572:tid 1896] [client ::1:64144] AH01630: client denied by server configuration: D:/Vu/xampp/htdocs/Angular_MVC/application/vendor/font-awesome.css, referer: http://localhost/Angular_MVC/index.php/Welcome
[Mon May 15 08:52:15.784922 2023] [authz_core:error] [pid 4572:tid 1892] [client ::1:64145] AH01630: client denied by server configuration: D:/Vu/xampp/htdocs/Angular_MVC/application/assets/styles/style.css, referer: http://localhost/Angular_MVC/index.php/Welcome
[Mon May 15 08:52:15.785920 2023] [authz_core:error] [pid 4572:tid 1916] [client ::1:64147] AH01630: client denied by server configuration: D:/Vu/xampp/htdocs/Angular_MVC/application/angular.js, referer: http://localhost/Angular_MVC/index.php/Welcome
[Mon May 15 08:52:15.785920 2023] [authz_core:error] [pid 4572:tid 1904] [client ::1:64146] AH01630: client denied by server configuration: D:/Vu/xampp/htdocs/Angular_MVC/application/vendor/bootstrap.js, referer: http://localhost/Angular_MVC/index.php/Welcome
[Mon May 15 08:52:15.785920 2023] [authz_core:error] [pid 4572:tid 1896] [client ::1:64144] AH01630: client denied by server configuration: D:/Vu/xampp/htdocs/Angular_MVC/application/vendor/angular-animate.min.js, referer: http://localhost/Angular_MVC/index.php/Welcome
[Mon May 15 08:52:15.788914 2023] [authz_core:error] [pid 4572:tid 1892] [client ::1:64145] AH01630: client denied by server configuration: D:/Vu/xampp/htdocs/Angular_MVC/application/vendor/angular-aria.min.js, referer: http://localhost/Angular_MVC/index.php/Welcome
[Mon May 15 08:52:15.789911 2023] [authz_core:error] [pid 4572:tid 1916] [client ::1:64147] AH01630: client denied by server configuration: D:/Vu/xampp/htdocs/Angular_MVC/application/vendor/angular-messages.min.js, referer: http://localhost/Angular_MVC/index.php/Welcome
[Mon May 15 08:52:15.790907 2023] [authz_core:error] [pid 4572:tid 1912] [client ::1:64141] AH01630: client denied by server configuration: D:/Vu/xampp/htdocs/Angular_MVC/application/vendor/angular-material.min.js, referer: http://localhost/Angular_MVC/index.php/Welcome
[Mon May 15 08:52:15.792902 2023] [authz_core:error] [pid 4572:tid 1896] [client ::1:64144] AH01630: client denied by server configuration: D:/Vu/xampp/htdocs/Angular_MVC/application/assets/js/controller.js, referer: http://localhost/Angular_MVC/index.php/Welcome
[Mon May 15 08:53:02.885847 2023] [authz_core:error] [pid 4572:tid 1904] [client ::1:64203] AH01630: client denied by server configuration: D:/Vu/xampp/htdocs/Angular_MVC/application/vendor/bootstrap.css, referer: http://localhost/Angular_MVC/index.php/Welcome
[Mon May 15 08:53:02.887841 2023] [authz_core:error] [pid 4572:tid 1896] [client ::1:64205] AH01630: client denied by server configuration: D:/Vu/xampp/htdocs/Angular_MVC/application/vendor/angular-material.min.css, referer: http://localhost/Angular_MVC/index.php/Welcome
[Mon May 15 08:53:02.887841 2023] [authz_core:error] [pid 4572:tid 1912] [client ::1:64206] AH01630: client denied by server configuration: D:/Vu/xampp/htdocs/Angular_MVC/application/vendor/font-awesome.css, referer: http://localhost/Angular_MVC/index.php/Welcome
[Mon May 15 08:53:02.887841 2023] [authz_core:error] [pid 4572:tid 1892] [client ::1:64208] AH01630: client denied by server configuration: D:/Vu/xampp/htdocs/Angular_MVC/application/vendor/bootstrap.js, referer: http://localhost/Angular_MVC/index.php/Welcome
[Mon May 15 08:53:02.888838 2023] [authz_core:error] [pid 4572:tid 1916] [client ::1:64207] AH01630: client denied by server configuration: D:/Vu/xampp/htdocs/Angular_MVC/application/assets/styles/style.css, referer: http://localhost/Angular_MVC/index.php/Welcome
[Mon May 15 08:53:02.888838 2023] [authz_core:error] [pid 4572:tid 1884] [client ::1:64209] AH01630: client denied by server configuration: D:/Vu/xampp/htdocs/Angular_MVC/application/angular.js, referer: http://localhost/Angular_MVC/index.php/Welcome
[Mon May 15 08:53:02.889836 2023] [authz_core:error] [pid 4572:tid 1904] [client ::1:64203] AH01630: client denied by server configuration: D:/Vu/xampp/htdocs/Angular_MVC/application/vendor/angular-animate.min.js, referer: http://localhost/Angular_MVC/index.php/Welcome
[Mon May 15 08:53:02.891831 2023] [authz_core:error] [pid 4572:tid 1896] [client ::1:64205] AH01630: client denied by server configuration: D:/Vu/xampp/htdocs/Angular_MVC/application/vendor/angular-aria.min.js, referer: http://localhost/Angular_MVC/index.php/Welcome
[Mon May 15 08:53:02.891831 2023] [authz_core:error] [pid 4572:tid 1912] [client ::1:64206] AH01630: client denied by server configuration: D:/Vu/xampp/htdocs/Angular_MVC/application/vendor/angular-messages.min.js, referer: http://localhost/Angular_MVC/index.php/Welcome
[Mon May 15 08:53:02.892828 2023] [authz_core:error] [pid 4572:tid 1916] [client ::1:64207] AH01630: client denied by server configuration: D:/Vu/xampp/htdocs/Angular_MVC/application/assets/js/controller.js, referer: http://localhost/Angular_MVC/index.php/Welcome
[Mon May 15 08:53:02.892828 2023] [authz_core:error] [pid 4572:tid 1892] [client ::1:64208] AH01630: client denied by server configuration: D:/Vu/xampp/htdocs/Angular_MVC/application/vendor/angular-material.min.js, referer: http://localhost/Angular_MVC/index.php/Welcome
[Mon May 15 08:55:04.312965 2023] [authz_core:error] [pid 4572:tid 1912] [client ::1:64374] AH01630: client denied by server configuration: D:/Vu/xampp/htdocs/Angular_MVC/application/vendor/angular-material.min.css, referer: http://localhost/Angular_MVC/index.php/Welcome
[Mon May 15 08:55:04.312965 2023] [authz_core:error] [pid 4572:tid 1916] [client ::1:64375] AH01630: client denied by server configuration: D:/Vu/xampp/htdocs/Angular_MVC/application/vendor/font-awesome.css, referer: http://localhost/Angular_MVC/index.php/Welcome
[Mon May 15 08:55:04.314959 2023] [authz_core:error] [pid 4572:tid 1892] [client ::1:64372] AH01630: client denied by server configuration: D:/Vu/xampp/htdocs/Angular_MVC/application/vendor/bootstrap.js, referer: http://localhost/Angular_MVC/index.php/Welcome
[Mon May 15 08:55:04.314959 2023] [authz_core:error] [pid 4572:tid 1896] [client ::1:64376] AH01630: client denied by server configuration: D:/Vu/xampp/htdocs/Angular_MVC/application/assets/styles/style.css, referer: http://localhost/Angular_MVC/index.php/Welcome
[Mon May 15 08:55:04.314959 2023] [authz_core:error] [pid 4572:tid 1884] [client ::1:64378] AH01630: client denied by server configuration: D:/Vu/xampp/htdocs/Angular_MVC/application/vendor/angular-animate.min.js, referer: http://localhost/Angular_MVC/index.php/Welcome
[Mon May 15 08:55:04.314959 2023] [authz_core:error] [pid 4572:tid 1904] [client ::1:64377] AH01630: client denied by server configuration: D:/Vu/xampp/htdocs/Angular_MVC/application/angular.js, referer: http://localhost/Angular_MVC/index.php/Welcome
[Mon May 15 08:55:04.317952 2023] [authz_core:error] [pid 4572:tid 1912] [client ::1:64374] AH01630: client denied by server configuration: D:/Vu/xampp/htdocs/Angular_MVC/application/vendor/angular-aria.min.js, referer: http://localhost/Angular_MVC/index.php/Welcome
[Mon May 15 08:55:04.318949 2023] [authz_core:error] [pid 4572:tid 1916] [client ::1:64375] AH01630: client denied by server configuration: D:/Vu/xampp/htdocs/Angular_MVC/application/vendor/angular-messages.min.js, referer: http://localhost/Angular_MVC/index.php/Welcome
[Mon May 15 08:55:04.318949 2023] [authz_core:error] [pid 4572:tid 1892] [client ::1:64372] AH01630: client denied by server configuration: D:/Vu/xampp/htdocs/Angular_MVC/application/vendor/angular-material.min.js, referer: http://localhost/Angular_MVC/index.php/Welcome
[Mon May 15 08:55:04.318949 2023] [authz_core:error] [pid 4572:tid 1896] [client ::1:64376] AH01630: client denied by server configuration: D:/Vu/xampp/htdocs/Angular_MVC/application/assets/js/controller.js, referer: http://localhost/Angular_MVC/index.php/Welcome
[Mon May 15 08:55:20.837464 2023] [authz_core:error] [pid 4572:tid 1896] [client ::1:64401] AH01630: client denied by server configuration: D:/Vu/xampp/htdocs/Angular_MVC/application/vendor/bootstrap.css, referer: http://localhost/Angular_MVC/index.php/Welcome
[Mon May 15 08:55:20.838461 2023] [authz_core:error] [pid 4572:tid 1916] [client ::1:64403] AH01630: client denied by server configuration: D:/Vu/xampp/htdocs/Angular_MVC/application/vendor/angular-material.min.css, referer: http://localhost/Angular_MVC/index.php/Welcome
[Mon May 15 08:55:20.838461 2023] [authz_core:error] [pid 4572:tid 1892] [client ::1:64404] AH01630: client denied by server configuration: D:/Vu/xampp/htdocs/Angular_MVC/application/vendor/font-awesome.css, referer: http://localhost/Angular_MVC/index.php/Welcome
[Mon May 15 08:55:20.839458 2023] [authz_core:error] [pid 4572:tid 1912] [client ::1:64405] AH01630: client denied by server configuration: D:/Vu/xampp/htdocs/Angular_MVC/application/assets/styles/style.css, referer: http://localhost/Angular_MVC/index.php/Welcome
[Mon May 15 08:55:20.839458 2023] [authz_core:error] [pid 4572:tid 1904] [client ::1:64406] AH01630: client denied by server configuration: D:/Vu/xampp/htdocs/Angular_MVC/application/vendor/bootstrap.js, referer: http://localhost/Angular_MVC/index.php/Welcome
[Mon May 15 08:55:20.840457 2023] [authz_core:error] [pid 4572:tid 1884] [client ::1:64407] AH01630: client denied by server configuration: D:/Vu/xampp/htdocs/Angular_MVC/application/angular.js, referer: http://localhost/Angular_MVC/index.php/Welcome
[Mon May 15 08:55:20.841454 2023] [authz_core:error] [pid 4572:tid 1896] [client ::1:64401] AH01630: client denied by server configuration: D:/Vu/xampp/htdocs/Angular_MVC/application/vendor/angular-animate.min.js, referer: http://localhost/Angular_MVC/index.php/Welcome
[Mon May 15 08:55:20.841454 2023] [authz_core:error] [pid 4572:tid 1916] [client ::1:64403] AH01630: client denied by server configuration: D:/Vu/xampp/htdocs/Angular_MVC/application/vendor/angular-aria.min.js, referer: http://localhost/Angular_MVC/index.php/Welcome
[Mon May 15 08:55:20.841454 2023] [authz_core:error] [pid 4572:tid 1892] [client ::1:64404] AH01630: client denied by server configuration: D:/Vu/xampp/htdocs/Angular_MVC/application/vendor/angular-messages.min.js, referer: http://localhost/Angular_MVC/index.php/Welcome
[Mon May 15 08:55:20.842450 2023] [authz_core:error] [pid 4572:tid 1912] [client ::1:64405] AH01630: client denied by server configuration: D:/Vu/xampp/htdocs/Angular_MVC/application/vendor/angular-material.min.js, referer: http://localhost/Angular_MVC/index.php/Welcome
[Mon May 15 08:55:20.843449 2023] [authz_core:error] [pid 4572:tid 1904] [client ::1:64406] AH01630: client denied by server configuration: D:/Vu/xampp/htdocs/Angular_MVC/application/assets/js/controller.js, referer: http://localhost/Angular_MVC/index.php/Welcome
[Mon May 15 08:56:47.268935 2023] [authz_core:error] [pid 4572:tid 1904] [client ::1:64516] AH01630: client denied by server configuration: D:/Vu/xampp/htdocs/Angular_MVC/application/vendor/bootstrap.css, referer: http://localhost/Angular_MVC/index.php/Welcome
[Mon May 15 08:56:47.271927 2023] [authz_core:error] [pid 4572:tid 1912] [client ::1:64518] AH01630: client denied by server configuration: D:/Vu/xampp/htdocs/Angular_MVC/application/vendor/angular-material.min.css, referer: http://localhost/Angular_MVC/index.php/Welcome
[Mon May 15 08:56:47.271927 2023] [authz_core:error] [pid 4572:tid 1892] [client ::1:64521] AH01630: client denied by server configuration: D:/Vu/xampp/htdocs/Angular_MVC/application/vendor/bootstrap.js, referer: http://localhost/Angular_MVC/index.php/Welcome
[Mon May 15 08:56:47.271927 2023] [authz_core:error] [pid 4572:tid 1896] [client ::1:64519] AH01630: client denied by server configuration: D:/Vu/xampp/htdocs/Angular_MVC/application/vendor/font-awesome.css, referer: http://localhost/Angular_MVC/index.php/Welcome
[Mon May 15 08:56:47.272924 2023] [authz_core:error] [pid 4572:tid 1916] [client ::1:64520] AH01630: client denied by server configuration: D:/Vu/xampp/htdocs/Angular_MVC/application/assets/styles/style.css, referer: http://localhost/Angular_MVC/index.php/Welcome
[Mon May 15 08:56:47.272924 2023] [authz_core:error] [pid 4572:tid 1884] [client ::1:64522] AH01630: client denied by server configuration: D:/Vu/xampp/htdocs/Angular_MVC/application/angular.js, referer: http://localhost/Angular_MVC/index.php/Welcome
[Mon May 15 08:56:47.280904 2023] [authz_core:error] [pid 4572:tid 1904] [client ::1:64516] AH01630: client denied by server configuration: D:/Vu/xampp/htdocs/Angular_MVC/application/vendor/angular-animate.min.js, referer: http://localhost/Angular_MVC/index.php/Welcome
[Mon May 15 08:56:47.280904 2023] [authz_core:error] [pid 4572:tid 1912] [client ::1:64518] AH01630: client denied by server configuration: D:/Vu/xampp/htdocs/Angular_MVC/application/vendor/angular-aria.min.js, referer: http://localhost/Angular_MVC/index.php/Welcome
[Mon May 15 08:56:47.280904 2023] [authz_core:error] [pid 4572:tid 1896] [client ::1:64519] AH01630: client denied by server configuration: D:/Vu/xampp/htdocs/Angular_MVC/application/vendor/angular-material.min.js, referer: http://localhost/Angular_MVC/index.php/Welcome
[Mon May 15 08:56:47.280904 2023] [authz_core:error] [pid 4572:tid 1892] [client ::1:64521] AH01630: client denied by server configuration: D:/Vu/xampp/htdocs/Angular_MVC/application/vendor/angular-messages.min.js, referer: http://localhost/Angular_MVC/index.php/Welcome
[Mon May 15 08:56:47.283895 2023] [authz_core:error] [pid 4572:tid 1916] [client ::1:64520] AH01630: client denied by server configuration: D:/Vu/xampp/htdocs/Angular_MVC/application/assets/js/controller.js, referer: http://localhost/Angular_MVC/index.php/Welcome
[Mon May 15 08:58:13.057949 2023] [authz_core:error] [pid 4572:tid 1884] [client ::1:64634] AH01630: client denied by server configuration: D:/Vu/xampp/htdocs/Angular_MVC/application/angular.js, referer: http://localhost/Angular_MVC/index.php/Welcome
[Mon May 15 08:58:13.063933 2023] [authz_core:error] [pid 4572:tid 1912] [client ::1:64633] AH01630: client denied by server configuration: D:/Vu/xampp/htdocs/Angular_MVC/application/vendor/bootstrap.js, referer: http://localhost/Angular_MVC/index.php/Welcome
[Mon May 15 08:58:13.066925 2023] [authz_core:error] [pid 4572:tid 1904] [client ::1:64632] AH01630: client denied by server configuration: D:/Vu/xampp/htdocs/Angular_MVC/application/vendor/angular-animate.min.js, referer: http://localhost/Angular_MVC/index.php/Welcome
[Mon May 15 08:58:13.067922 2023] [authz_core:error] [pid 4572:tid 1884] [client ::1:64634] AH01630: client denied by server configuration: D:/Vu/xampp/htdocs/Angular_MVC/application/vendor/angular-aria.min.js, referer: http://localhost/Angular_MVC/index.php/Welcome
[Mon May 15 08:58:13.071912 2023] [authz_core:error] [pid 4572:tid 1912] [client ::1:64633] AH01630: client denied by server configuration: D:/Vu/xampp/htdocs/Angular_MVC/application/vendor/angular-material.min.js, referer: http://localhost/Angular_MVC/index.php/Welcome
[Mon May 15 08:58:13.071912 2023] [authz_core:error] [pid 4572:tid 1896] [client ::1:64631] AH01630: client denied by server configuration: D:/Vu/xampp/htdocs/Angular_MVC/application/assets/js/controller.js, referer: http://localhost/Angular_MVC/index.php/Welcome
[Mon May 15 08:58:13.072909 2023] [authz_core:error] [pid 4572:tid 1916] [client ::1:64628] AH01630: client denied by server configuration: D:/Vu/xampp/htdocs/Angular_MVC/application/vendor/angular-messages.min.js, referer: http://localhost/Angular_MVC/index.php/Welcome
[Mon May 15 09:02:37.175340 2023] [authz_core:error] [pid 4572:tid 1884] [client ::1:64919] AH01630: client denied by server configuration: D:/Vu/xampp/htdocs/Angular_MVC/application/views/vendor/bootstrap.js, referer: http://localhost/Angular_MVC/index.php/Welcome
