2023-05-06 14:57:09 0 [Note] Starting MariaDB 10.4.28-MariaDB source revision c8f2e9a5c0ac5905f28b050b7df5a9ffd914b7e7 as process 8292
2023-05-06 14:57:09 0 [Note] InnoDB: Mutexes and rw_locks use Windows interlocked functions
2023-05-06 14:57:09 0 [Note] InnoDB: Uses event mutexes
2023-05-06 14:57:09 0 [Note] InnoDB: Compressed tables use zlib 1.2.12
2023-05-06 14:57:09 0 [Note] InnoDB: Number of pools: 1
2023-05-06 14:57:09 0 [Note] InnoDB: Using SSE2 crc32 instructions
2023-05-06 14:57:09 0 [Note] InnoDB: Initializing buffer pool, total size = 16M, instances = 1, chunk size = 16M
2023-05-06 14:57:09 0 [Note] InnoDB: Completed initialization of buffer pool
2023-05-06 14:57:09 0 [Note] InnoDB: Starting crash recovery from checkpoint LSN=300288
2023-05-06 14:57:09 0 [Note] InnoDB: 128 out of 128 rollback segments are active.
2023-05-06 14:57:09 0 [Note] InnoDB: Removed temporary tablespace data file: "ibtmp1"
2023-05-06 14:57:09 0 [Note] InnoDB: Creating shared tablespace for temporary tables
2023-05-06 14:57:09 0 [Note] InnoDB: Setting file 'D:\Vu\xampp\mysql\data\ibtmp1' size to 12 MB. Physically writing the file full; Please wait ...
2023-05-06 14:57:09 0 [Note] InnoDB: File 'D:\Vu\xampp\mysql\data\ibtmp1' size is now 12 MB.
2023-05-06 14:57:09 0 [Note] InnoDB: Waiting for purge to start
2023-05-06 14:57:09 0 [Note] InnoDB: 10.4.28 started; log sequence number 300297; transaction id 170
2023-05-06 14:57:09 0 [Note] InnoDB: Loading buffer pool(s) from D:\Vu\xampp\mysql\data\ib_buffer_pool
2023-05-06 14:57:09 0 [Note] Plugin 'FEEDBACK' is disabled.
2023-05-06 14:57:09 0 [Note] Server socket created on IP: '::'.
2023-05-06 14:57:09 0 [Note] InnoDB: Buffer pool(s) load completed at 230506 14:57:09
2023-05-06 14:57:09 0 [Note] Reading of all Master_info entries succeeded
2023-05-06 14:57:09 0 [Note] Added new Master_info '' to hash table
2023-05-06 14:57:09 0 [Note] D:\vu\xampp\mysql\bin\mysqld.exe: ready for connections.
Version: '10.4.28-MariaDB'  socket: ''  port: 3306  mariadb.org binary distribution
2023-05-06 15:59:34 0 [Note] D:\vu\xampp\mysql\bin\mysqld.exe (initiated by: unknown): Normal shutdown
2023-05-06 15:59:34 0 [Note] Event Scheduler: Purging the queue. 0 events
2023-05-06 15:59:34 0 [Note] InnoDB: FTS optimize thread exiting.
2023-05-06 15:59:34 0 [Note] InnoDB: Starting shutdown...
2023-05-06 15:59:34 0 [Note] InnoDB: Dumping buffer pool(s) to D:\Vu\xampp\mysql\data\ib_buffer_pool
2023-05-06 15:59:34 0 [Note] InnoDB: Instance 0, restricted to 250 pages due to innodb_buf_pool_dump_pct=25
2023-05-06 15:59:34 0 [Note] InnoDB: Buffer pool(s) dump completed at 230506 15:59:34
2023-05-06 15:59:35 0 [Note] InnoDB: Removed temporary tablespace data file: "ibtmp1"
2023-05-06 15:59:35 0 [Note] InnoDB: Shutdown completed; log sequence number 300315; transaction id 171
2023-05-06 15:59:35 0 [Note] D:\vu\xampp\mysql\bin\mysqld.exe: Shutdown complete

2023-05-07  7:00:14 0 [Note] Starting MariaDB 10.4.28-MariaDB source revision c8f2e9a5c0ac5905f28b050b7df5a9ffd914b7e7 as process 3760
2023-05-07  7:00:14 0 [Note] InnoDB: Mutexes and rw_locks use Windows interlocked functions
2023-05-07  7:00:14 0 [Note] InnoDB: Uses event mutexes
2023-05-07  7:00:14 0 [Note] InnoDB: Compressed tables use zlib 1.2.12
2023-05-07  7:00:14 0 [Note] InnoDB: Number of pools: 1
2023-05-07  7:00:14 0 [Note] InnoDB: Using SSE2 crc32 instructions
2023-05-07  7:00:14 0 [Note] InnoDB: Initializing buffer pool, total size = 16M, instances = 1, chunk size = 16M
2023-05-07  7:00:14 0 [Note] InnoDB: Completed initialization of buffer pool
2023-05-07  7:00:14 0 [Note] InnoDB: 128 out of 128 rollback segments are active.
2023-05-07  7:00:14 0 [Note] InnoDB: Creating shared tablespace for temporary tables
2023-05-07  7:00:14 0 [Note] InnoDB: Setting file 'D:\Vu\xampp\mysql\data\ibtmp1' size to 12 MB. Physically writing the file full; Please wait ...
2023-05-07  7:00:14 0 [Note] InnoDB: File 'D:\Vu\xampp\mysql\data\ibtmp1' size is now 12 MB.
2023-05-07  7:00:14 0 [Note] InnoDB: Waiting for purge to start
2023-05-07  7:00:14 0 [Note] InnoDB: 10.4.28 started; log sequence number 300315; transaction id 170
2023-05-07  7:00:14 0 [Note] InnoDB: Loading buffer pool(s) from D:\Vu\xampp\mysql\data\ib_buffer_pool
2023-05-07  7:00:14 0 [Note] Plugin 'FEEDBACK' is disabled.
2023-05-07  7:00:14 0 [Note] Server socket created on IP: '::'.
2023-05-07  7:00:14 0 [Note] InnoDB: Buffer pool(s) load completed at 230507  7:00:14
2023-05-07  7:00:14 0 [Note] Reading of all Master_info entries succeeded
2023-05-07  7:00:14 0 [Note] Added new Master_info '' to hash table
2023-05-07  7:00:14 0 [Note] D:\vu\xampp\mysql\bin\mysqld.exe: ready for connections.
Version: '10.4.28-MariaDB'  socket: ''  port: 3306  mariadb.org binary distribution
2023-05-11 14:06:40 0 [Note] Starting MariaDB 10.4.28-MariaDB source revision c8f2e9a5c0ac5905f28b050b7df5a9ffd914b7e7 as process 3732
2023-05-11 14:06:40 0 [Note] mysqld.exe: Aria engine: starting recovery
tables to flush: 2 1 0
 (0.0 seconds); 
2023-05-11 14:06:40 0 [Note] mysqld.exe: Aria engine: recovery done
2023-05-11 14:06:40 0 [Note] InnoDB: Mutexes and rw_locks use Windows interlocked functions
2023-05-11 14:06:40 0 [Note] InnoDB: Uses event mutexes
2023-05-11 14:06:40 0 [Note] InnoDB: Compressed tables use zlib 1.2.12
2023-05-11 14:06:40 0 [Note] InnoDB: Number of pools: 1
2023-05-11 14:06:40 0 [Note] InnoDB: Using SSE2 crc32 instructions
2023-05-11 14:06:40 0 [Note] InnoDB: Initializing buffer pool, total size = 16M, instances = 1, chunk size = 16M
2023-05-11 14:06:40 0 [Note] InnoDB: Completed initialization of buffer pool
2023-05-11 14:06:40 0 [Note] InnoDB: Starting crash recovery from checkpoint LSN=416251
2023-05-11 14:06:40 0 [Note] InnoDB: 128 out of 128 rollback segments are active.
2023-05-11 14:06:40 0 [Note] InnoDB: Removed temporary tablespace data file: "ibtmp1"
2023-05-11 14:06:41 0 [Note] InnoDB: Creating shared tablespace for temporary tables
2023-05-11 14:06:41 0 [Note] InnoDB: Setting file 'D:\Vu\xampp\mysql\data\ibtmp1' size to 12 MB. Physically writing the file full; Please wait ...
2023-05-11 14:06:41 0 [Note] InnoDB: File 'D:\Vu\xampp\mysql\data\ibtmp1' size is now 12 MB.
2023-05-11 14:06:41 0 [Note] InnoDB: Waiting for purge to start
2023-05-11 14:06:41 0 [Note] InnoDB: 10.4.28 started; log sequence number 416276; transaction id 505
2023-05-11 14:06:41 0 [Note] InnoDB: Loading buffer pool(s) from D:\Vu\xampp\mysql\data\ib_buffer_pool
2023-05-11 14:06:41 0 [Note] Plugin 'FEEDBACK' is disabled.
2023-05-11 14:06:41 0 [Note] Server socket created on IP: '::'.
2023-05-11 14:06:41 0 [Note] InnoDB: Buffer pool(s) load completed at 230511 14:06:41
2023-05-11 14:06:41 0 [Note] Reading of all Master_info entries succeeded
2023-05-11 14:06:41 0 [Note] Added new Master_info '' to hash table
2023-05-11 14:06:41 0 [Note] D:\vu\xampp\mysql\bin\mysqld.exe: ready for connections.
Version: '10.4.28-MariaDB'  socket: ''  port: 3306  mariadb.org binary distribution
